<?xml version="1.0" encoding="UTF-8"?>
<testng-results ignored="0" total="1" passed="1" failed="0" skipped="0">
  <reporter-output>
  </reporter-output>
  <suite started-at="2024-07-02T17:37:01 IST" name="Surefire suite" finished-at="2024-07-02T17:37:25 IST" duration-ms="23273">
    <groups>
      <group name="cucumber">
        <method signature="AbstractTestNGCucumberTests.runScenario(io.cucumber.testng.PickleWrapper,io.cucumber.testng.FeatureWrapper)[pri:0, instance:TestRunner.LoginR@1e683a3e]" name="runScenario" class="io.cucumber.testng.AbstractTestNGCucumberTests"/>
      </group> <!-- cucumber -->
    </groups>
    <test started-at="2024-07-02T17:37:01 IST" name="Surefire test" finished-at="2024-07-02T17:37:25 IST" duration-ms="23273">
      <class name="TestRunner.LoginR">
        <test-method is-config="true" signature="setUpClass(org.testng.ITestContext)[pri:0, instance:TestRunner.LoginR@1e683a3e]" started-at="2024-07-02T17:37:01 IST" name="setUpClass" finished-at="2024-07-02T17:37:02 IST" duration-ms="375" status="PASS">
          <params>
            <param index="0">
              <value>
                <![CDATA[org.testng.TestRunner@5d39f2d8]]>
              </value>
            </param>
          </params>
          <reporter-output>
          </reporter-output>
        </test-method> <!-- setUpClass -->
        <test-method signature="runScenario(io.cucumber.testng.PickleWrapper,io.cucumber.testng.FeatureWrapper)[pri:0, instance:TestRunner.LoginR@1e683a3e]" started-at="2024-07-02T17:37:02 IST" name="runScenario" description="Runs Cucumber Scenarios" data-provider="scenarios" finished-at="2024-07-02T17:37:25 IST" duration-ms="22812" status="PASS">
          <params>
            <param index="0">
              <value>
                <![CDATA["Validate Login Page Of herroku"]]>
              </value>
            </param>
            <param index="1">
              <value>
                <![CDATA["Login Page Of herroku"]]>
              </value>
            </param>
          </params>
          <reporter-output>
          </reporter-output>
        </test-method> <!-- runScenario -->
        <test-method is-config="true" signature="tearDownClass()[pri:0, instance:TestRunner.LoginR@1e683a3e]" started-at="2024-07-02T17:37:25 IST" name="tearDownClass" finished-at="2024-07-02T17:37:25 IST" duration-ms="3" status="PASS">
          <reporter-output>
          </reporter-output>
        </test-method> <!-- tearDownClass -->
      </class> <!-- TestRunner.LoginR -->
    </test> <!-- Surefire test -->
  </suite> <!-- Surefire suite -->
</testng-results>
